1516266548324	geckodriver	INFO	geckodriver 0.19.1
1516266548340	geckodriver	INFO	Listening on 127.0.0.1:60374
1516266550383	mozrunner::runner	INFO	Running command: "C:\\Program Files (x86)\\Mozilla Firefox\\firefox.exe" "-marionette" "-profile" "C:\\Users\\USUARIO\\AppData\\Local\\Temp\\rust_mozprofile.OG0Ocu32M020"
1516266551579	Marionette	INFO	Enabled via --marionette
Unable to read VR Path Registry from C:\Users\USUARIO\AppData\Local\openvr\openvrpaths.vrpath
[Child 10480, Chrome_ChildThread] WARNING: pipe error: 109: file z:/build/build/src/ipc/chromium/src/chrome/common/ipc_channel_win.cc, line 346
1516266556533	Marionette	INFO	Listening on port 60380
1516266556770	Marionette	WARN	TLS certificate errors will be ignored for this session
1516266556844	Marionette	DEBUG	Register listener.js for window 4294967297
1516266556870	Marionette	DEBUG	Received DOM event "beforeunload" for "about:blank"
1516266558080	Marionette	DEBUG	Received DOM event "pagehide" for "about:blank"
1516266558080	Marionette	DEBUG	Received DOM event "unload" for "about:blank"
1516266558623	Marionette	DEBUG	Received DOM event "DOMContentLoaded" for "https://www.facebook.com/"
1516266559896	Marionette	DEBUG	Received DOM event "pageshow" for "https://www.facebook.com/"
1516266773297	Marionette	DEBUG	Register listener.js for window 4294967351
1516266773698	Marionette	DEBUG	Register listener.js for window 8589934593
Unable to read VR Path Registry from C:\Users\USUARIO\AppData\Local\openvr\openvrpaths.vrpath
[Child 5036, Chrome_ChildThread] WARNING: pipe error: 109: file z:/build/build/src/ipc/chromium/src/chrome/common/ipc_channel_win.cc, line 346
[Child 5036, Chrome_ChildThread] WARNING: pipe error: 109: file z:/build/build/src/ipc/chromium/src/chrome/common/ipc_channel_win.cc, line 346
 109: file z:/build/build/src/ipc/chromium/src/chrome/common/ipc_channel_win.cc, line 346
[Child 6980, Chrome_ChildThread] WARNING: pipe error: 109: file z:/build/build/src/ipc/chromium/src/chrome/common/ipc_channel_win.cc, line 346

###!!! [Child][MessageChannel::SendAndWait] Error: Channel error: cannot send/recv

Unable to read VR Path Registry from C:\Users\USUARIO\AppData\Local\openvr\openvrpaths.vrpath
NING: pipe error: 109: file z:/build/build/src/ipc/chromium/src/chrome/common/ipc_channel_win.cc, line 346

###!!! [Child][MessageChannel::SendAndWait] Error: Channel error: cannot send/recv

ble to read VR Path Registry from C:\Users\USUARIO\AppData\Local\openvr\openvrpaths.vrpath
[GPU 6864, Chrome_ChildThread] WARNING: pipe error: 109: file z:/build/build/src/ipc/chromium/src/chrome/common/ipc_channel_win.cc, line 346

###!!! [Child][MessageChannel::SendAndWait] Error: Channel error: cannot send/recv

t send/recv

ailure)

Unable to read VR Path Registry from C:\Users\USUARIO\AppData\Local\openvr\openvrpaths.vrpath
[Parent 7832] WARNING: pipe error: 109: file z:/build/build/src/ipc/chromium/src/chrome/common/ipc_channel_win.cc, line 346
Unable to read VR Path Registry from C:\Users\USUARIO\AppData\Local\openvr\openvrpaths.vrpath
[Child 1192] WARNING: pipe error: 109: file z:/build/build/src/ipc/chromium/src/chrome/common/ipc_channel_win.cc, line 346
[Child 1192] WARNING: pipe error: 109: file z:/build/build/src/ipc/chromium/src/chrome/common/ipc_channel_win.cc, line 346
1511419952111	Marionette	INFO	Listening on port 50603
1511419952797	Marionette	WARN	TLS certificate errors will be ignored for this session
1511419952898	Marionette	DEBUG	Register listener.js for window 6442450945
1511419953087	Marionette	DEBUG	Received DOM event "beforeunload" for "about:blank"
1511419955881	Marionette	DEBUG	Received DOM event "pagehide" for "about:blank"
1511419955881	Marionette	DEBUG	Received DOM event "unload" for "about:blank"
1511419958478	Marionette	DEBUG	Received DOM event "DOMContentLoaded" for "https://www.python.org/"
1511419958732	Marionette	DEBUG	Received DOM event "pageshow" for "https://www.python.org/"
